{"@timestamp":"2025-03-31T01:56:29.673Z","ecs.version":"1.2.0","log.level":"INFO","message":"setUp completed for org.swagger.tests.TestLogin","process.thread.name":"TestNG-tests-1","log.logger":"org.swagger.base.BaseTest"}
{"@timestamp":"2025-03-31T01:56:30.897Z","ecs.version":"1.2.0","log.level":"INFO","message":"https://www.saucedemo.com/v1/ url is opened","process.thread.name":"TestNG-tests-1","log.logger":"org.swagger.base.BaseTest"}
{"@timestamp":"2025-03-31T01:56:30.908Z","ecs.version":"1.2.0","log.level":"INFO","message":"input credential section","process.thread.name":"TestNG-tests-1","log.logger":"org.swagger.tests.TestLogin"}
{"@timestamp":"2025-03-31T01:56:30.935Z","ecs.version":"1.2.0","log.level":"INFO","message":"im entering user name","process.thread.name":"TestNG-tests-1","log.logger":"org.swagger.pages.LoginPage"}
{"@timestamp":"2025-03-31T01:56:31.086Z","ecs.version":"1.2.0","log.level":"INFO","message":"Input username: [[ChromeDriver: chrome on windows (43031e7e39b986f86b1234c1a3e163e3)] -> xpath: //input[@id='user-name']] successful","process.thread.name":"TestNG-tests-1","log.logger":"org.swagger.pages.LoginPage"}
{"@timestamp":"2025-03-31T01:56:31.186Z","ecs.version":"1.2.0","log.level":"INFO","message":"Input user password: secret_sauce successful","process.thread.name":"TestNG-tests-1","log.logger":"org.swagger.pages.LoginPage"}
{"@timestamp":"2025-03-31T01:56:32.219Z","ecs.version":"1.2.0","log.level":"INFO","message":"Click Enter key to submit login form successful","process.thread.name":"TestNG-tests-1","log.logger":"org.swagger.pages.LoginPage"}
{"@timestamp":"2025-03-31T01:56:32.220Z","ecs.version":"1.2.0","log.level":"INFO","message":"Successfully entered credentials","process.thread.name":"TestNG-tests-1","log.logger":"org.swagger.tests.TestLogin"}
{"@timestamp":"2025-03-31T01:56:32.319Z","ecs.version":"1.2.0","log.level":"INFO","message":"Successfully logged in and navigated to the inventory page","process.thread.name":"TestNG-tests-1","log.logger":"org.swagger.tests.TestLogin"}
{"@timestamp":"2025-03-31T01:56:32.783Z","ecs.version":"1.2.0","log.level":"INFO","message":"org.swagger.tests.TestLogin test Completed Successfully","process.thread.name":"TestNG-tests-1","log.logger":"org.swagger.base.BaseTest"}
{"@timestamp":"2025-03-31T01:56:32.797Z","ecs.version":"1.2.0","log.level":"INFO","message":"setUp completed for org.swagger.tests.TestCheckOut","process.thread.name":"TestNG-tests-1","log.logger":"org.swagger.base.BaseTest"}
{"@timestamp":"2025-03-31T01:56:32.845Z","ecs.version":"1.2.0","log.level":"INFO","message":"setUp completed for org.swagger.tests.TestLogin","process.thread.name":"TestNG-tests-2","log.logger":"org.swagger.base.BaseTest"}
{"@timestamp":"2025-03-31T01:56:33.292Z","ecs.version":"1.2.0","log.level":"INFO","message":"https://www.saucedemo.com/v1/ url is opened","process.thread.name":"TestNG-tests-2","log.logger":"org.swagger.base.BaseTest"}
{"@timestamp":"2025-03-31T01:56:33.300Z","ecs.version":"1.2.0","log.level":"INFO","message":"input credential section","process.thread.name":"TestNG-tests-2","log.logger":"org.swagger.tests.TestLogin"}
{"@timestamp":"2025-03-31T01:56:33.301Z","ecs.version":"1.2.0","log.level":"INFO","message":"im entering user name","process.thread.name":"TestNG-tests-2","log.logger":"org.swagger.pages.LoginPage"}
{"@timestamp":"2025-03-31T01:56:33.353Z","ecs.version":"1.2.0","log.level":"INFO","message":"Sorted by price completed","process.thread.name":"TestNG-tests-1","log.logger":"org.swagger.tests.TestCheckOut"}
{"@timestamp":"2025-03-31T01:56:33.483Z","ecs.version":"1.2.0","log.level":"INFO","message":"Product added to cart completed","process.thread.name":"TestNG-tests-1","log.logger":"org.swagger.tests.TestCheckOut"}
{"@timestamp":"2025-03-31T01:56:33.487Z","ecs.version":"1.2.0","log.level":"INFO","message":"Input username: [[FirefoxDriver: firefox on windows (fbd958e2-81c3-4bcb-b30a-1e04d20c1e17)] -> xpath: //input[@id='user-name']] successful","process.thread.name":"TestNG-tests-2","log.logger":"org.swagger.pages.LoginPage"}
{"@timestamp":"2025-03-31T01:56:33.542Z","ecs.version":"1.2.0","log.level":"INFO","message":"Product added to cart verify completed","process.thread.name":"TestNG-tests-1","log.logger":"org.swagger.tests.TestCheckOut"}
{"@timestamp":"2025-03-31T01:56:33.553Z","ecs.version":"1.2.0","log.level":"INFO","message":"Input user password: secret_sauce successful","process.thread.name":"TestNG-tests-2","log.logger":"org.swagger.pages.LoginPage"}
{"@timestamp":"2025-03-31T01:56:33.707Z","ecs.version":"1.2.0","log.level":"INFO","message":"Click Enter key to submit login form successful","process.thread.name":"TestNG-tests-2","log.logger":"org.swagger.pages.LoginPage"}
{"@timestamp":"2025-03-31T01:56:33.708Z","ecs.version":"1.2.0","log.level":"INFO","message":"Successfully entered credentials","process.thread.name":"TestNG-tests-2","log.logger":"org.swagger.tests.TestLogin"}
{"@timestamp":"2025-03-31T01:56:34.087Z","ecs.version":"1.2.0","log.level":"INFO","message":"Checkout item completed","process.thread.name":"TestNG-tests-1","log.logger":"org.swagger.tests.TestCheckOut"}
{"@timestamp":"2025-03-31T01:56:34.213Z","ecs.version":"1.2.0","log.level":"INFO","message":"Checkout page displayed","process.thread.name":"TestNG-tests-1","log.logger":"org.swagger.tests.TestCheckOut"}
{"@timestamp":"2025-03-31T01:56:34.308Z","ecs.version":"1.2.0","log.level":"INFO","message":"Successfully logged in and navigated to the inventory page","process.thread.name":"TestNG-tests-2","log.logger":"org.swagger.tests.TestLogin"}
{"@timestamp":"2025-03-31T01:56:34.530Z","ecs.version":"1.2.0","log.level":"INFO","message":"org.swagger.tests.TestLogin test Completed Successfully","process.thread.name":"TestNG-tests-2","log.logger":"org.swagger.base.BaseTest"}
{"@timestamp":"2025-03-31T01:56:34.536Z","ecs.version":"1.2.0","log.level":"INFO","message":"setUp completed for org.swagger.tests.TestCheckOut","process.thread.name":"TestNG-tests-2","log.logger":"org.swagger.base.BaseTest"}
{"@timestamp":"2025-03-31T01:56:34.858Z","ecs.version":"1.2.0","log.level":"INFO","message":"Checkout button clicked","process.thread.name":"TestNG-tests-1","log.logger":"org.swagger.tests.TestCheckOut"}
{"@timestamp":"2025-03-31T01:56:34.863Z","ecs.version":"1.2.0","log.level":"INFO","message":"org.swagger.tests.TestCheckOut test Completed Successfully","process.thread.name":"TestNG-tests-1","log.logger":"org.swagger.base.BaseTest"}
{"@timestamp":"2025-03-31T01:56:34.885Z","ecs.version":"1.2.0","log.level":"INFO","message":"setUp completed for org.swagger.tests.TestCheckOutForm","process.thread.name":"TestNG-tests-1","log.logger":"org.swagger.base.BaseTest"}
{"@timestamp":"2025-03-31T01:56:34.973Z","ecs.version":"1.2.0","log.level":"INFO","message":"Checkout page displayed","process.thread.name":"TestNG-tests-1","log.logger":"org.swagger.tests.TestCheckOutForm"}
{"@timestamp":"2025-03-31T01:56:35.254Z","ecs.version":"1.2.0","log.level":"INFO","message":"Sorted by price completed","process.thread.name":"TestNG-tests-2","log.logger":"org.swagger.tests.TestCheckOut"}
{"@timestamp":"2025-03-31T01:56:35.507Z","ecs.version":"1.2.0","log.level":"INFO","message":"Product added to cart completed","process.thread.name":"TestNG-tests-2","log.logger":"org.swagger.tests.TestCheckOut"}
{"@timestamp":"2025-03-31T01:56:35.543Z","ecs.version":"1.2.0","log.level":"INFO","message":"Product added to cart verify completed","process.thread.name":"TestNG-tests-2","log.logger":"org.swagger.tests.TestCheckOut"}
{"@timestamp":"2025-03-31T01:56:35.710Z","ecs.version":"1.2.0","log.level":"INFO","message":"Checkout credentials validated successfully","process.thread.name":"TestNG-tests-1","log.logger":"org.swagger.tests.TestCheckOutForm"}
{"@timestamp":"2025-03-31T01:56:35.806Z","ecs.version":"1.2.0","log.level":"INFO","message":"Checkout item completed","process.thread.name":"TestNG-tests-2","log.logger":"org.swagger.tests.TestCheckOut"}
{"@timestamp":"2025-03-31T01:56:35.865Z","ecs.version":"1.2.0","log.level":"INFO","message":"Checkout page displayed","process.thread.name":"TestNG-tests-2","log.logger":"org.swagger.tests.TestCheckOut"}
{"@timestamp":"2025-03-31T01:56:36.063Z","ecs.version":"1.2.0","log.level":"INFO","message":"Checkout button clicked","process.thread.name":"TestNG-tests-2","log.logger":"org.swagger.tests.TestCheckOut"}
{"@timestamp":"2025-03-31T01:56:36.067Z","ecs.version":"1.2.0","log.level":"INFO","message":"org.swagger.tests.TestCheckOut test Completed Successfully","process.thread.name":"TestNG-tests-2","log.logger":"org.swagger.base.BaseTest"}
{"@timestamp":"2025-03-31T01:56:36.076Z","ecs.version":"1.2.0","log.level":"INFO","message":"setUp completed for org.swagger.tests.TestCheckOutForm","process.thread.name":"TestNG-tests-2","log.logger":"org.swagger.base.BaseTest"}
{"@timestamp":"2025-03-31T01:56:36.118Z","ecs.version":"1.2.0","log.level":"INFO","message":"Checkout page displayed","process.thread.name":"TestNG-tests-2","log.logger":"org.swagger.tests.TestCheckOutForm"}
{"@timestamp":"2025-03-31T01:56:36.308Z","ecs.version":"1.2.0","log.level":"INFO","message":"Checkout credentials validated successfully","process.thread.name":"TestNG-tests-2","log.logger":"org.swagger.tests.TestCheckOutForm"}
{"@timestamp":"2025-03-31T01:56:36.472Z","ecs.version":"1.2.0","log.level":"INFO","message":"org.swagger.tests.TestCheckOutForm test Completed Successfully","process.thread.name":"TestNG-tests-2","log.logger":"org.swagger.base.BaseTest"}
{"@timestamp":"2025-03-31T01:56:36.483Z","ecs.version":"1.2.0","log.level":"INFO","message":"setUp completed for org.swagger.tests.TestOrderConfirmation","process.thread.name":"TestNG-tests-2","log.logger":"org.swagger.base.BaseTest"}
{"@timestamp":"2025-03-31T01:56:37.467Z","ecs.version":"1.2.0","log.level":"INFO","message":"Over view message","process.thread.name":"TestNG-tests-2","log.logger":"org.swagger.tests.TestOrderConfirmation"}
{"@timestamp":"2025-03-31T01:56:37.538Z","ecs.version":"1.2.0","log.level":"INFO","message":"Order Confirmation Message: THANK YOU FOR YOUR ORDER","process.thread.name":"TestNG-tests-2","log.logger":"org.swagger.tests.TestOrderConfirmation"}
{"@timestamp":"2025-03-31T01:56:38.721Z","ecs.version":"1.2.0","log.level":"INFO","message":"Driver closed","process.thread.name":"TestNG-tests-2","log.logger":"org.swagger.tests.TestOrderConfirmation"}
{"@timestamp":"2025-03-31T01:56:38.723Z","ecs.version":"1.2.0","log.level":"INFO","message":"org.swagger.tests.TestOrderConfirmation test Completed Successfully","process.thread.name":"TestNG-tests-2","log.logger":"org.swagger.base.BaseTest"}
{"@timestamp":"2025-03-31T01:56:42.881Z","ecs.version":"1.2.0","log.level":"INFO","message":"setUp completed for org.swagger.tests.TestLogin","process.thread.name":"TestNG-tests-2","log.logger":"org.swagger.base.BaseTest"}
{"@timestamp":"2025-03-31T01:56:43.106Z","ecs.version":"1.2.0","log.level":"INFO","message":"https://www.saucedemo.com/v1/ url is opened","process.thread.name":"TestNG-tests-2","log.logger":"org.swagger.base.BaseTest"}
{"@timestamp":"2025-03-31T01:56:43.110Z","ecs.version":"1.2.0","log.level":"INFO","message":"input credential section","process.thread.name":"TestNG-tests-2","log.logger":"org.swagger.tests.TestLogin"}
{"@timestamp":"2025-03-31T01:56:43.112Z","ecs.version":"1.2.0","log.level":"INFO","message":"im entering user name","process.thread.name":"TestNG-tests-2","log.logger":"org.swagger.pages.LoginPage"}
{"@timestamp":"2025-03-31T01:56:43.277Z","ecs.version":"1.2.0","log.level":"INFO","message":"Input username: [[EdgeDriver: MicrosoftEdge on windows (ae4e1c2f08c322d21433984c2dc8fd45)] -> xpath: //input[@id='user-name']] successful","process.thread.name":"TestNG-tests-2","log.logger":"org.swagger.pages.LoginPage"}
{"@timestamp":"2025-03-31T01:56:43.415Z","ecs.version":"1.2.0","log.level":"INFO","message":"Input user password: secret_sauce successful","process.thread.name":"TestNG-tests-2","log.logger":"org.swagger.pages.LoginPage"}
{"@timestamp":"2025-03-31T01:56:43.920Z","ecs.version":"1.2.0","log.level":"INFO","message":"Click Enter key to submit login form successful","process.thread.name":"TestNG-tests-2","log.logger":"org.swagger.pages.LoginPage"}
{"@timestamp":"2025-03-31T01:56:43.921Z","ecs.version":"1.2.0","log.level":"INFO","message":"Successfully entered credentials","process.thread.name":"TestNG-tests-2","log.logger":"org.swagger.tests.TestLogin"}
{"@timestamp":"2025-03-31T01:56:44.012Z","ecs.version":"1.2.0","log.level":"INFO","message":"Successfully logged in and navigated to the inventory page","process.thread.name":"TestNG-tests-2","log.logger":"org.swagger.tests.TestLogin"}
{"@timestamp":"2025-03-31T01:56:44.333Z","ecs.version":"1.2.0","log.level":"INFO","message":"org.swagger.tests.TestLogin test Completed Successfully","process.thread.name":"TestNG-tests-2","log.logger":"org.swagger.base.BaseTest"}
{"@timestamp":"2025-03-31T01:56:44.346Z","ecs.version":"1.2.0","log.level":"INFO","message":"setUp completed for org.swagger.tests.TestCheckOut","process.thread.name":"TestNG-tests-2","log.logger":"org.swagger.base.BaseTest"}
{"@timestamp":"2025-03-31T01:56:44.940Z","ecs.version":"1.2.0","log.level":"INFO","message":"Sorted by price completed","process.thread.name":"TestNG-tests-2","log.logger":"org.swagger.tests.TestCheckOut"}
{"@timestamp":"2025-03-31T01:56:45.109Z","ecs.version":"1.2.0","log.level":"INFO","message":"Product added to cart completed","process.thread.name":"TestNG-tests-2","log.logger":"org.swagger.tests.TestCheckOut"}
{"@timestamp":"2025-03-31T01:56:45.166Z","ecs.version":"1.2.0","log.level":"INFO","message":"Product added to cart verify completed","process.thread.name":"TestNG-tests-2","log.logger":"org.swagger.tests.TestCheckOut"}
{"@timestamp":"2025-03-31T01:56:45.414Z","ecs.version":"1.2.0","log.level":"INFO","message":"Checkout item completed","process.thread.name":"TestNG-tests-2","log.logger":"org.swagger.tests.TestCheckOut"}
{"@timestamp":"2025-03-31T01:56:45.482Z","ecs.version":"1.2.0","log.level":"INFO","message":"Checkout page displayed","process.thread.name":"TestNG-tests-2","log.logger":"org.swagger.tests.TestCheckOut"}
{"@timestamp":"2025-03-31T01:56:45.754Z","ecs.version":"1.2.0","log.level":"INFO","message":"Checkout button clicked","process.thread.name":"TestNG-tests-2","log.logger":"org.swagger.tests.TestCheckOut"}
{"@timestamp":"2025-03-31T01:56:45.757Z","ecs.version":"1.2.0","log.level":"INFO","message":"org.swagger.tests.TestCheckOut test Completed Successfully","process.thread.name":"TestNG-tests-2","log.logger":"org.swagger.base.BaseTest"}
{"@timestamp":"2025-03-31T01:56:45.771Z","ecs.version":"1.2.0","log.level":"INFO","message":"setUp completed for org.swagger.tests.TestCheckOutForm","process.thread.name":"TestNG-tests-2","log.logger":"org.swagger.base.BaseTest"}
{"@timestamp":"2025-03-31T01:56:45.845Z","ecs.version":"1.2.0","log.level":"INFO","message":"Checkout page displayed","process.thread.name":"TestNG-tests-2","log.logger":"org.swagger.tests.TestCheckOutForm"}
{"@timestamp":"2025-03-31T01:56:46.354Z","ecs.version":"1.2.0","log.level":"INFO","message":"Checkout credentials validated successfully","process.thread.name":"TestNG-tests-2","log.logger":"org.swagger.tests.TestCheckOutForm"}
{"@timestamp":"2025-03-31T01:57:06.374Z","ecs.version":"1.2.0","log.level":"INFO","message":"org.swagger.tests.TestCheckOutForm test Completed Successfully","process.thread.name":"TestNG-tests-1","log.logger":"org.swagger.base.BaseTest"}
{"@timestamp":"2025-03-31T01:57:06.387Z","ecs.version":"1.2.0","log.level":"INFO","message":"setUp completed for org.swagger.tests.TestOrderConfirmation","process.thread.name":"TestNG-tests-1","log.logger":"org.swagger.base.BaseTest"}
{"@timestamp":"2025-03-31T01:57:06.743Z","ecs.version":"1.2.0","log.level":"INFO","message":"Over view message","process.thread.name":"TestNG-tests-1","log.logger":"org.swagger.tests.TestOrderConfirmation"}
{"@timestamp":"2025-03-31T01:57:06.842Z","ecs.version":"1.2.0","log.level":"INFO","message":"Order Confirmation Message: THANK YOU FOR YOUR ORDER","process.thread.name":"TestNG-tests-1","log.logger":"org.swagger.tests.TestOrderConfirmation"}
{"@timestamp":"2025-03-31T01:57:07.241Z","ecs.version":"1.2.0","log.level":"INFO","message":"Driver closed","process.thread.name":"TestNG-tests-1","log.logger":"org.swagger.tests.TestOrderConfirmation"}
{"@timestamp":"2025-03-31T01:57:07.246Z","ecs.version":"1.2.0","log.level":"INFO","message":"org.swagger.tests.TestOrderConfirmation test Completed Successfully","process.thread.name":"TestNG-tests-1","log.logger":"org.swagger.base.BaseTest"}
{"@timestamp":"2025-03-31T01:57:16.909Z","ecs.version":"1.2.0","log.level":"INFO","message":"org.swagger.tests.TestCheckOutForm test Completed Successfully","process.thread.name":"TestNG-tests-2","log.logger":"org.swagger.base.BaseTest"}
{"@timestamp":"2025-03-31T01:57:16.923Z","ecs.version":"1.2.0","log.level":"INFO","message":"setUp completed for org.swagger.tests.TestOrderConfirmation","process.thread.name":"TestNG-tests-2","log.logger":"org.swagger.base.BaseTest"}
{"@timestamp":"2025-03-31T01:57:18.116Z","ecs.version":"1.2.0","log.level":"INFO","message":"Over view message","process.thread.name":"TestNG-tests-2","log.logger":"org.swagger.tests.TestOrderConfirmation"}
{"@timestamp":"2025-03-31T01:57:18.231Z","ecs.version":"1.2.0","log.level":"INFO","message":"Order Confirmation Message: THANK YOU FOR YOUR ORDER","process.thread.name":"TestNG-tests-2","log.logger":"org.swagger.tests.TestOrderConfirmation"}
{"@timestamp":"2025-03-31T01:57:19.633Z","ecs.version":"1.2.0","log.level":"INFO","message":"Driver closed","process.thread.name":"TestNG-tests-2","log.logger":"org.swagger.tests.TestOrderConfirmation"}
{"@timestamp":"2025-03-31T01:57:19.636Z","ecs.version":"1.2.0","log.level":"INFO","message":"org.swagger.tests.TestOrderConfirmation test Completed Successfully","process.thread.name":"TestNG-tests-2","log.logger":"org.swagger.base.BaseTest"}
{"@timestamp":"2025-03-31T02:16:44.915Z","ecs.version":"1.2.0","log.level":"INFO","message":"setUp completed for org.swagger.tests.TestLogin","process.thread.name":"TestNG-tests-2","log.logger":"org.swagger.base.BaseTest"}
{"@timestamp":"2025-03-31T02:16:44.915Z","ecs.version":"1.2.0","log.level":"INFO","message":"setUp completed for org.swagger.tests.TestLogin","process.thread.name":"TestNG-tests-1","log.logger":"org.swagger.base.BaseTest"}
{"@timestamp":"2025-03-31T02:16:45.775Z","ecs.version":"1.2.0","log.level":"INFO","message":"https://www.saucedemo.com/v1/ url is opened","process.thread.name":"TestNG-tests-1","log.logger":"org.swagger.base.BaseTest"}
{"@timestamp":"2025-03-31T02:16:45.785Z","ecs.version":"1.2.0","log.level":"INFO","message":"https://www.saucedemo.com/v1/ url is opened","process.thread.name":"TestNG-tests-2","log.logger":"org.swagger.base.BaseTest"}
{"@timestamp":"2025-03-31T02:16:45.788Z","ecs.version":"1.2.0","log.level":"INFO","message":"input credential section","process.thread.name":"TestNG-tests-1","log.logger":"org.swagger.tests.TestLogin"}
{"@timestamp":"2025-03-31T02:16:45.791Z","ecs.version":"1.2.0","log.level":"INFO","message":"input credential section","process.thread.name":"TestNG-tests-2","log.logger":"org.swagger.tests.TestLogin"}
{"@timestamp":"2025-03-31T02:16:45.823Z","ecs.version":"1.2.0","log.level":"INFO","message":"im entering user name","process.thread.name":"TestNG-tests-2","log.logger":"org.swagger.pages.LoginPage"}
{"@timestamp":"2025-03-31T02:16:45.823Z","ecs.version":"1.2.0","log.level":"INFO","message":"im entering user name","process.thread.name":"TestNG-tests-1","log.logger":"org.swagger.pages.LoginPage"}
{"@timestamp":"2025-03-31T02:16:46.034Z","ecs.version":"1.2.0","log.level":"INFO","message":"Input username: [[ChromeDriver: chrome on windows (0bbe468185afad133273a53298eae29e)] -> xpath: //input[@id='user-name']] successful","process.thread.name":"TestNG-tests-1","log.logger":"org.swagger.pages.LoginPage"}
{"@timestamp":"2025-03-31T02:16:46.034Z","ecs.version":"1.2.0","log.level":"INFO","message":"Input username: [[EdgeDriver: MicrosoftEdge on windows (93b5e7611db3f741fb2496d3a5203122)] -> xpath: //input[@id='user-name']] successful","process.thread.name":"TestNG-tests-2","log.logger":"org.swagger.pages.LoginPage"}
{"@timestamp":"2025-03-31T02:16:46.198Z","ecs.version":"1.2.0","log.level":"INFO","message":"Input user password: secret_sauce successful","process.thread.name":"TestNG-tests-2","log.logger":"org.swagger.pages.LoginPage"}
{"@timestamp":"2025-03-31T02:16:46.198Z","ecs.version":"1.2.0","log.level":"INFO","message":"Input user password: secret_sauce successful","process.thread.name":"TestNG-tests-1","log.logger":"org.swagger.pages.LoginPage"}
{"@timestamp":"2025-03-31T02:16:47.765Z","ecs.version":"1.2.0","log.level":"INFO","message":"Click Enter key to submit login form successful","process.thread.name":"TestNG-tests-1","log.logger":"org.swagger.pages.LoginPage"}
{"@timestamp":"2025-03-31T02:16:47.765Z","ecs.version":"1.2.0","log.level":"INFO","message":"Successfully entered credentials","process.thread.name":"TestNG-tests-1","log.logger":"org.swagger.tests.TestLogin"}
{"@timestamp":"2025-03-31T02:16:47.859Z","ecs.version":"1.2.0","log.level":"INFO","message":"Click Enter key to submit login form successful","process.thread.name":"TestNG-tests-2","log.logger":"org.swagger.pages.LoginPage"}
{"@timestamp":"2025-03-31T02:16:47.859Z","ecs.version":"1.2.0","log.level":"INFO","message":"Successfully entered credentials","process.thread.name":"TestNG-tests-2","log.logger":"org.swagger.tests.TestLogin"}
{"@timestamp":"2025-03-31T02:16:47.869Z","ecs.version":"1.2.0","log.level":"INFO","message":"Successfully logged in and navigated to the inventory page","process.thread.name":"TestNG-tests-1","log.logger":"org.swagger.tests.TestLogin"}
{"@timestamp":"2025-03-31T02:16:47.944Z","ecs.version":"1.2.0","log.level":"INFO","message":"Successfully logged in and navigated to the inventory page","process.thread.name":"TestNG-tests-2","log.logger":"org.swagger.tests.TestLogin"}
{"@timestamp":"2025-03-31T02:16:48.232Z","ecs.version":"1.2.0","log.level":"INFO","message":"org.swagger.tests.TestLogin test Completed Successfully","process.thread.name":"TestNG-tests-1","log.logger":"org.swagger.base.BaseTest"}
{"@timestamp":"2025-03-31T02:16:48.246Z","ecs.version":"1.2.0","log.level":"INFO","message":"setUp completed for org.swagger.tests.TestCheckOut","process.thread.name":"TestNG-tests-1","log.logger":"org.swagger.base.BaseTest"}
{"@timestamp":"2025-03-31T02:16:48.305Z","ecs.version":"1.2.0","log.level":"INFO","message":"org.swagger.tests.TestLogin test Completed Successfully","process.thread.name":"TestNG-tests-2","log.logger":"org.swagger.base.BaseTest"}
{"@timestamp":"2025-03-31T02:16:48.315Z","ecs.version":"1.2.0","log.level":"INFO","message":"setUp completed for org.swagger.tests.TestCheckOut","process.thread.name":"TestNG-tests-2","log.logger":"org.swagger.base.BaseTest"}
{"@timestamp":"2025-03-31T02:16:48.724Z","ecs.version":"1.2.0","log.level":"INFO","message":"Sorted by price completed","process.thread.name":"TestNG-tests-1","log.logger":"org.swagger.tests.TestCheckOut"}
{"@timestamp":"2025-03-31T02:16:48.774Z","ecs.version":"1.2.0","log.level":"INFO","message":"Sorted by price completed","process.thread.name":"TestNG-tests-2","log.logger":"org.swagger.tests.TestCheckOut"}
{"@timestamp":"2025-03-31T02:16:48.941Z","ecs.version":"1.2.0","log.level":"INFO","message":"Product added to cart completed","process.thread.name":"TestNG-tests-1","log.logger":"org.swagger.tests.TestCheckOut"}
{"@timestamp":"2025-03-31T02:16:49.029Z","ecs.version":"1.2.0","log.level":"INFO","message":"Product added to cart completed","process.thread.name":"TestNG-tests-2","log.logger":"org.swagger.tests.TestCheckOut"}
{"@timestamp":"2025-03-31T02:17:19.328Z","ecs.version":"1.2.0","log.level":"INFO","message":"org.swagger.tests.TestCheckOut test Completed Successfully","process.thread.name":"TestNG-tests-1","log.logger":"org.swagger.base.BaseTest"}
{"@timestamp":"2025-03-31T02:17:19.342Z","ecs.version":"1.2.0","log.level":"INFO","message":"setUp completed for org.swagger.tests.TestCheckOutForm","process.thread.name":"TestNG-tests-1","log.logger":"org.swagger.base.BaseTest"}
{"@timestamp":"2025-03-31T02:17:19.377Z","ecs.version":"1.2.0","log.level":"INFO","message":"org.swagger.tests.TestCheckOut test Completed Successfully","process.thread.name":"TestNG-tests-2","log.logger":"org.swagger.base.BaseTest"}
{"@timestamp":"2025-03-31T02:17:19.392Z","ecs.version":"1.2.0","log.level":"INFO","message":"setUp completed for org.swagger.tests.TestCheckOutForm","process.thread.name":"TestNG-tests-2","log.logger":"org.swagger.base.BaseTest"}
{"@timestamp":"2025-03-31T02:17:49.943Z","ecs.version":"1.2.0","log.level":"INFO","message":"org.swagger.tests.TestCheckOutForm test Completed Successfully","process.thread.name":"TestNG-tests-1","log.logger":"org.swagger.base.BaseTest"}
{"@timestamp":"2025-03-31T02:17:49.958Z","ecs.version":"1.2.0","log.level":"INFO","message":"setUp completed for org.swagger.tests.TestOrderConfirmation","process.thread.name":"TestNG-tests-1","log.logger":"org.swagger.base.BaseTest"}
{"@timestamp":"2025-03-31T02:17:50.109Z","ecs.version":"1.2.0","log.level":"INFO","message":"org.swagger.tests.TestCheckOutForm test Completed Successfully","process.thread.name":"TestNG-tests-2","log.logger":"org.swagger.base.BaseTest"}
{"@timestamp":"2025-03-31T02:17:50.122Z","ecs.version":"1.2.0","log.level":"INFO","message":"setUp completed for org.swagger.tests.TestOrderConfirmation","process.thread.name":"TestNG-tests-2","log.logger":"org.swagger.base.BaseTest"}
{"@timestamp":"2025-03-31T02:18:20.372Z","ecs.version":"1.2.0","log.level":"INFO","message":"org.swagger.tests.TestOrderConfirmation test Completed Successfully","process.thread.name":"TestNG-tests-1","log.logger":"org.swagger.base.BaseTest"}
{"@timestamp":"2025-03-31T02:18:20.562Z","ecs.version":"1.2.0","log.level":"INFO","message":"org.swagger.tests.TestOrderConfirmation test Completed Successfully","process.thread.name":"TestNG-tests-2","log.logger":"org.swagger.base.BaseTest"}
{"@timestamp":"2025-03-31T02:19:15.498Z","ecs.version":"1.2.0","log.level":"INFO","message":"setUp completed for org.swagger.tests.TestLogin","process.thread.name":"TestNG-tests-1","log.logger":"org.swagger.base.BaseTest"}
{"@timestamp":"2025-03-31T02:19:15.732Z","ecs.version":"1.2.0","log.level":"INFO","message":"https://www.saucedemo.com/v1/ url is opened","process.thread.name":"TestNG-tests-1","log.logger":"org.swagger.base.BaseTest"}
{"@timestamp":"2025-03-31T02:19:15.751Z","ecs.version":"1.2.0","log.level":"INFO","message":"input credential section","process.thread.name":"TestNG-tests-1","log.logger":"org.swagger.tests.TestLogin"}
{"@timestamp":"2025-03-31T02:19:15.793Z","ecs.version":"1.2.0","log.level":"INFO","message":"im entering user name","process.thread.name":"TestNG-tests-1","log.logger":"org.swagger.pages.LoginPage"}
{"@timestamp":"2025-03-31T02:19:16.028Z","ecs.version":"1.2.0","log.level":"INFO","message":"Input username: [[ChromeDriver: chrome on windows (5cc0d0e9c42fee03ecb86f38d4b7dc5a)] -> xpath: //input[@id='user-name']] successful","process.thread.name":"TestNG-tests-1","log.logger":"org.swagger.pages.LoginPage"}
{"@timestamp":"2025-03-31T02:19:16.201Z","ecs.version":"1.2.0","log.level":"INFO","message":"Input user password: secret_sauce successful","process.thread.name":"TestNG-tests-1","log.logger":"org.swagger.pages.LoginPage"}
{"@timestamp":"2025-03-31T02:19:17.070Z","ecs.version":"1.2.0","log.level":"INFO","message":"Click Enter key to submit login form successful","process.thread.name":"TestNG-tests-1","log.logger":"org.swagger.pages.LoginPage"}
{"@timestamp":"2025-03-31T02:19:17.071Z","ecs.version":"1.2.0","log.level":"INFO","message":"Successfully entered credentials","process.thread.name":"TestNG-tests-1","log.logger":"org.swagger.tests.TestLogin"}
{"@timestamp":"2025-03-31T02:19:17.192Z","ecs.version":"1.2.0","log.level":"INFO","message":"setUp completed for org.swagger.tests.TestLogin","process.thread.name":"TestNG-tests-3","log.logger":"org.swagger.base.BaseTest"}
{"@timestamp":"2025-03-31T02:19:17.204Z","ecs.version":"1.2.0","log.level":"INFO","message":"Successfully logged in and navigated to the inventory page","process.thread.name":"TestNG-tests-1","log.logger":"org.swagger.tests.TestLogin"}
{"@timestamp":"2025-03-31T02:19:17.424Z","ecs.version":"1.2.0","log.level":"INFO","message":"https://www.saucedemo.com/v1/ url is opened","process.thread.name":"TestNG-tests-3","log.logger":"org.swagger.base.BaseTest"}
{"@timestamp":"2025-03-31T02:19:17.429Z","ecs.version":"1.2.0","log.level":"INFO","message":"input credential section","process.thread.name":"TestNG-tests-3","log.logger":"org.swagger.tests.TestLogin"}
{"@timestamp":"2025-03-31T02:19:17.430Z","ecs.version":"1.2.0","log.level":"INFO","message":"im entering user name","process.thread.name":"TestNG-tests-3","log.logger":"org.swagger.pages.LoginPage"}
{"@timestamp":"2025-03-31T02:19:17.581Z","ecs.version":"1.2.0","log.level":"INFO","message":"org.swagger.tests.TestLogin test Completed Successfully","process.thread.name":"TestNG-tests-1","log.logger":"org.swagger.base.BaseTest"}
{"@timestamp":"2025-03-31T02:19:17.591Z","ecs.version":"1.2.0","log.level":"INFO","message":"setUp completed for org.swagger.tests.TestCheckOut","process.thread.name":"TestNG-tests-1","log.logger":"org.swagger.base.BaseTest"}
{"@timestamp":"2025-03-31T02:19:17.597Z","ecs.version":"1.2.0","log.level":"INFO","message":"Input username: [[EdgeDriver: MicrosoftEdge on windows (7b646c892489cd88a84f8a4cf94cee47)] -> xpath: //input[@id='user-name']] successful","process.thread.name":"TestNG-tests-3","log.logger":"org.swagger.pages.LoginPage"}
{"@timestamp":"2025-03-31T02:19:17.727Z","ecs.version":"1.2.0","log.level":"INFO","message":"Input user password: secret_sauce successful","process.thread.name":"TestNG-tests-3","log.logger":"org.swagger.pages.LoginPage"}
{"@timestamp":"2025-03-31T02:19:18.145Z","ecs.version":"1.2.0","log.level":"INFO","message":"Sorted by price completed","process.thread.name":"TestNG-tests-1","log.logger":"org.swagger.tests.TestCheckOut"}
{"@timestamp":"2025-03-31T02:19:18.265Z","ecs.version":"1.2.0","log.level":"INFO","message":"Click Enter key to submit login form successful","process.thread.name":"TestNG-tests-3","log.logger":"org.swagger.pages.LoginPage"}
{"@timestamp":"2025-03-31T02:19:18.266Z","ecs.version":"1.2.0","log.level":"INFO","message":"Successfully entered credentials","process.thread.name":"TestNG-tests-3","log.logger":"org.swagger.tests.TestLogin"}
{"@timestamp":"2025-03-31T02:19:18.330Z","ecs.version":"1.2.0","log.level":"INFO","message":"Product added to cart completed","process.thread.name":"TestNG-tests-1","log.logger":"org.swagger.tests.TestCheckOut"}
{"@timestamp":"2025-03-31T02:19:18.362Z","ecs.version":"1.2.0","log.level":"INFO","message":"Successfully logged in and navigated to the inventory page","process.thread.name":"TestNG-tests-3","log.logger":"org.swagger.tests.TestLogin"}
{"@timestamp":"2025-03-31T02:19:18.396Z","ecs.version":"1.2.0","log.level":"INFO","message":"Product added to cart verify completed","process.thread.name":"TestNG-tests-1","log.logger":"org.swagger.tests.TestCheckOut"}
{"@timestamp":"2025-03-31T02:19:18.743Z","ecs.version":"1.2.0","log.level":"INFO","message":"org.swagger.tests.TestLogin test Completed Successfully","process.thread.name":"TestNG-tests-3","log.logger":"org.swagger.base.BaseTest"}
{"@timestamp":"2025-03-31T02:19:18.755Z","ecs.version":"1.2.0","log.level":"INFO","message":"setUp completed for org.swagger.tests.TestCheckOut","process.thread.name":"TestNG-tests-3","log.logger":"org.swagger.base.BaseTest"}
{"@timestamp":"2025-03-31T02:19:18.849Z","ecs.version":"1.2.0","log.level":"INFO","message":"Checkout item completed","process.thread.name":"TestNG-tests-1","log.logger":"org.swagger.tests.TestCheckOut"}
{"@timestamp":"2025-03-31T02:19:18.956Z","ecs.version":"1.2.0","log.level":"INFO","message":"Checkout page displayed","process.thread.name":"TestNG-tests-1","log.logger":"org.swagger.tests.TestCheckOut"}
{"@timestamp":"2025-03-31T02:19:19.364Z","ecs.version":"1.2.0","log.level":"INFO","message":"Sorted by price completed","process.thread.name":"TestNG-tests-3","log.logger":"org.swagger.tests.TestCheckOut"}
{"@timestamp":"2025-03-31T02:19:19.431Z","ecs.version":"1.2.0","log.level":"INFO","message":"Checkout button clicked","process.thread.name":"TestNG-tests-1","log.logger":"org.swagger.tests.TestCheckOut"}
{"@timestamp":"2025-03-31T02:19:19.435Z","ecs.version":"1.2.0","log.level":"INFO","message":"org.swagger.tests.TestCheckOut test Completed Successfully","process.thread.name":"TestNG-tests-1","log.logger":"org.swagger.base.BaseTest"}
{"@timestamp":"2025-03-31T02:19:19.456Z","ecs.version":"1.2.0","log.level":"INFO","message":"setUp completed for org.swagger.tests.TestCheckOutForm","process.thread.name":"TestNG-tests-1","log.logger":"org.swagger.base.BaseTest"}
{"@timestamp":"2025-03-31T02:19:19.490Z","ecs.version":"1.2.0","log.level":"INFO","message":"setUp completed for org.swagger.tests.TestLogin","process.thread.name":"TestNG-tests-2","log.logger":"org.swagger.base.BaseTest"}
{"@timestamp":"2025-03-31T02:19:19.529Z","ecs.version":"1.2.0","log.level":"INFO","message":"Product added to cart completed","process.thread.name":"TestNG-tests-3","log.logger":"org.swagger.tests.TestCheckOut"}
{"@timestamp":"2025-03-31T02:19:19.545Z","ecs.version":"1.2.0","log.level":"INFO","message":"Checkout page displayed","process.thread.name":"TestNG-tests-1","log.logger":"org.swagger.tests.TestCheckOutForm"}
{"@timestamp":"2025-03-31T02:19:19.579Z","ecs.version":"1.2.0","log.level":"INFO","message":"Product added to cart verify completed","process.thread.name":"TestNG-tests-3","log.logger":"org.swagger.tests.TestCheckOut"}
{"@timestamp":"2025-03-31T02:19:19.825Z","ecs.version":"1.2.0","log.level":"INFO","message":"Checkout item completed","process.thread.name":"TestNG-tests-3","log.logger":"org.swagger.tests.TestCheckOut"}
{"@timestamp":"2025-03-31T02:19:19.858Z","ecs.version":"1.2.0","log.level":"INFO","message":"https://www.saucedemo.com/v1/ url is opened","process.thread.name":"TestNG-tests-2","log.logger":"org.swagger.base.BaseTest"}
{"@timestamp":"2025-03-31T02:19:19.861Z","ecs.version":"1.2.0","log.level":"INFO","message":"input credential section","process.thread.name":"TestNG-tests-2","log.logger":"org.swagger.tests.TestLogin"}
{"@timestamp":"2025-03-31T02:19:19.862Z","ecs.version":"1.2.0","log.level":"INFO","message":"im entering user name","process.thread.name":"TestNG-tests-2","log.logger":"org.swagger.pages.LoginPage"}
{"@timestamp":"2025-03-31T02:19:19.919Z","ecs.version":"1.2.0","log.level":"INFO","message":"Checkout page displayed","process.thread.name":"TestNG-tests-3","log.logger":"org.swagger.tests.TestCheckOut"}
{"@timestamp":"2025-03-31T02:19:20.118Z","ecs.version":"1.2.0","log.level":"INFO","message":"Input username: [[FirefoxDriver: firefox on windows (0b74e0a9-6c90-4b04-9a49-069f0ba47001)] -> xpath: //input[@id='user-name']] successful","process.thread.name":"TestNG-tests-2","log.logger":"org.swagger.pages.LoginPage"}
{"@timestamp":"2025-03-31T02:19:20.182Z","ecs.version":"1.2.0","log.level":"INFO","message":"Checkout button clicked","process.thread.name":"TestNG-tests-3","log.logger":"org.swagger.tests.TestCheckOut"}
{"@timestamp":"2025-03-31T02:19:20.185Z","ecs.version":"1.2.0","log.level":"INFO","message":"org.swagger.tests.TestCheckOut test Completed Successfully","process.thread.name":"TestNG-tests-3","log.logger":"org.swagger.base.BaseTest"}
{"@timestamp":"2025-03-31T02:19:20.199Z","ecs.version":"1.2.0","log.level":"INFO","message":"setUp completed for org.swagger.tests.TestCheckOutForm","process.thread.name":"TestNG-tests-3","log.logger":"org.swagger.base.BaseTest"}
{"@timestamp":"2025-03-31T02:19:20.239Z","ecs.version":"1.2.0","log.level":"INFO","message":"Input user password: secret_sauce successful","process.thread.name":"TestNG-tests-2","log.logger":"org.swagger.pages.LoginPage"}
{"@timestamp":"2025-03-31T02:19:20.296Z","ecs.version":"1.2.0","log.level":"INFO","message":"Checkout page displayed","process.thread.name":"TestNG-tests-3","log.logger":"org.swagger.tests.TestCheckOutForm"}
{"@timestamp":"2025-03-31T02:19:20.338Z","ecs.version":"1.2.0","log.level":"INFO","message":"Checkout credentials validated successfully","process.thread.name":"TestNG-tests-1","log.logger":"org.swagger.tests.TestCheckOutForm"}
{"@timestamp":"2025-03-31T02:19:20.373Z","ecs.version":"1.2.0","log.level":"INFO","message":"Click Enter key to submit login form successful","process.thread.name":"TestNG-tests-2","log.logger":"org.swagger.pages.LoginPage"}
{"@timestamp":"2025-03-31T02:19:20.374Z","ecs.version":"1.2.0","log.level":"INFO","message":"Successfully entered credentials","process.thread.name":"TestNG-tests-2","log.logger":"org.swagger.tests.TestLogin"}
{"@timestamp":"2025-03-31T02:19:20.683Z","ecs.version":"1.2.0","log.level":"INFO","message":"org.swagger.tests.TestCheckOutForm test Completed Successfully","process.thread.name":"TestNG-tests-1","log.logger":"org.swagger.base.BaseTest"}
{"@timestamp":"2025-03-31T02:19:20.696Z","ecs.version":"1.2.0","log.level":"INFO","message":"setUp completed for org.swagger.tests.TestOrderConfirmation","process.thread.name":"TestNG-tests-1","log.logger":"org.swagger.base.BaseTest"}
{"@timestamp":"2025-03-31T02:19:20.922Z","ecs.version":"1.2.0","log.level":"INFO","message":"Checkout credentials validated successfully","process.thread.name":"TestNG-tests-3","log.logger":"org.swagger.tests.TestCheckOutForm"}
{"@timestamp":"2025-03-31T02:19:21.006Z","ecs.version":"1.2.0","log.level":"INFO","message":"Successfully logged in and navigated to the inventory page","process.thread.name":"TestNG-tests-2","log.logger":"org.swagger.tests.TestLogin"}
{"@timestamp":"2025-03-31T02:19:21.191Z","ecs.version":"1.2.0","log.level":"INFO","message":"org.swagger.tests.TestLogin test Completed Successfully","process.thread.name":"TestNG-tests-2","log.logger":"org.swagger.base.BaseTest"}
{"@timestamp":"2025-03-31T02:19:21.200Z","ecs.version":"1.2.0","log.level":"INFO","message":"setUp completed for org.swagger.tests.TestCheckOut","process.thread.name":"TestNG-tests-2","log.logger":"org.swagger.base.BaseTest"}
{"@timestamp":"2025-03-31T02:19:21.624Z","ecs.version":"1.2.0","log.level":"INFO","message":"Over view message","process.thread.name":"TestNG-tests-1","log.logger":"org.swagger.tests.TestOrderConfirmation"}
{"@timestamp":"2025-03-31T02:19:21.700Z","ecs.version":"1.2.0","log.level":"INFO","message":"Order Confirmation Message: THANK YOU FOR YOUR ORDER","process.thread.name":"TestNG-tests-1","log.logger":"org.swagger.tests.TestOrderConfirmation"}
{"@timestamp":"2025-03-31T02:19:21.921Z","ecs.version":"1.2.0","log.level":"INFO","message":"Sorted by price completed","process.thread.name":"TestNG-tests-2","log.logger":"org.swagger.tests.TestCheckOut"}
{"@timestamp":"2025-03-31T02:19:21.923Z","ecs.version":"1.2.0","log.level":"INFO","message":"Driver closed","process.thread.name":"TestNG-tests-1","log.logger":"org.swagger.tests.TestOrderConfirmation"}
{"@timestamp":"2025-03-31T02:19:21.925Z","ecs.version":"1.2.0","log.level":"INFO","message":"org.swagger.tests.TestOrderConfirmation test Completed Successfully","process.thread.name":"TestNG-tests-1","log.logger":"org.swagger.base.BaseTest"}
{"@timestamp":"2025-03-31T02:19:22.174Z","ecs.version":"1.2.0","log.level":"INFO","message":"Product added to cart completed","process.thread.name":"TestNG-tests-2","log.logger":"org.swagger.tests.TestCheckOut"}
{"@timestamp":"2025-03-31T02:19:22.209Z","ecs.version":"1.2.0","log.level":"INFO","message":"Product added to cart verify completed","process.thread.name":"TestNG-tests-2","log.logger":"org.swagger.tests.TestCheckOut"}
{"@timestamp":"2025-03-31T02:19:22.435Z","ecs.version":"1.2.0","log.level":"INFO","message":"Checkout item completed","process.thread.name":"TestNG-tests-2","log.logger":"org.swagger.tests.TestCheckOut"}
{"@timestamp":"2025-03-31T02:19:22.511Z","ecs.version":"1.2.0","log.level":"INFO","message":"Checkout page displayed","process.thread.name":"TestNG-tests-2","log.logger":"org.swagger.tests.TestCheckOut"}
{"@timestamp":"2025-03-31T02:19:22.762Z","ecs.version":"1.2.0","log.level":"INFO","message":"Checkout button clicked","process.thread.name":"TestNG-tests-2","log.logger":"org.swagger.tests.TestCheckOut"}
{"@timestamp":"2025-03-31T02:19:22.765Z","ecs.version":"1.2.0","log.level":"INFO","message":"org.swagger.tests.TestCheckOut test Completed Successfully","process.thread.name":"TestNG-tests-2","log.logger":"org.swagger.base.BaseTest"}
{"@timestamp":"2025-03-31T02:19:22.792Z","ecs.version":"1.2.0","log.level":"INFO","message":"setUp completed for org.swagger.tests.TestCheckOutForm","process.thread.name":"TestNG-tests-2","log.logger":"org.swagger.base.BaseTest"}
{"@timestamp":"2025-03-31T02:19:22.854Z","ecs.version":"1.2.0","log.level":"INFO","message":"Checkout page displayed","process.thread.name":"TestNG-tests-2","log.logger":"org.swagger.tests.TestCheckOutForm"}
{"@timestamp":"2025-03-31T02:19:23.083Z","ecs.version":"1.2.0","log.level":"INFO","message":"Checkout credentials validated successfully","process.thread.name":"TestNG-tests-2","log.logger":"org.swagger.tests.TestCheckOutForm"}
{"@timestamp":"2025-03-31T02:19:23.246Z","ecs.version":"1.2.0","log.level":"INFO","message":"org.swagger.tests.TestCheckOutForm test Completed Successfully","process.thread.name":"TestNG-tests-2","log.logger":"org.swagger.base.BaseTest"}
{"@timestamp":"2025-03-31T02:19:23.259Z","ecs.version":"1.2.0","log.level":"INFO","message":"setUp completed for org.swagger.tests.TestOrderConfirmation","process.thread.name":"TestNG-tests-2","log.logger":"org.swagger.base.BaseTest"}
{"@timestamp":"2025-03-31T02:19:23.497Z","ecs.version":"1.2.0","log.level":"INFO","message":"Over view message","process.thread.name":"TestNG-tests-2","log.logger":"org.swagger.tests.TestOrderConfirmation"}
{"@timestamp":"2025-03-31T02:19:23.566Z","ecs.version":"1.2.0","log.level":"INFO","message":"Order Confirmation Message: THANK YOU FOR YOUR ORDER","process.thread.name":"TestNG-tests-2","log.logger":"org.swagger.tests.TestOrderConfirmation"}
{"@timestamp":"2025-03-31T02:19:24.851Z","ecs.version":"1.2.0","log.level":"INFO","message":"Driver closed","process.thread.name":"TestNG-tests-2","log.logger":"org.swagger.tests.TestOrderConfirmation"}
{"@timestamp":"2025-03-31T02:19:24.855Z","ecs.version":"1.2.0","log.level":"INFO","message":"org.swagger.tests.TestOrderConfirmation test Completed Successfully","process.thread.name":"TestNG-tests-2","log.logger":"org.swagger.base.BaseTest"}
{"@timestamp":"2025-03-31T02:19:51.471Z","ecs.version":"1.2.0","log.level":"INFO","message":"org.swagger.tests.TestCheckOutForm test Completed Successfully","process.thread.name":"TestNG-tests-3","log.logger":"org.swagger.base.BaseTest"}
{"@timestamp":"2025-03-31T02:19:51.484Z","ecs.version":"1.2.0","log.level":"INFO","message":"setUp completed for org.swagger.tests.TestOrderConfirmation","process.thread.name":"TestNG-tests-3","log.logger":"org.swagger.base.BaseTest"}
{"@timestamp":"2025-03-31T02:19:51.873Z","ecs.version":"1.2.0","log.level":"INFO","message":"Over view message","process.thread.name":"TestNG-tests-3","log.logger":"org.swagger.tests.TestOrderConfirmation"}
{"@timestamp":"2025-03-31T02:19:51.994Z","ecs.version":"1.2.0","log.level":"INFO","message":"Order Confirmation Message: THANK YOU FOR YOUR ORDER","process.thread.name":"TestNG-tests-3","log.logger":"org.swagger.tests.TestOrderConfirmation"}
{"@timestamp":"2025-03-31T02:19:53.439Z","ecs.version":"1.2.0","log.level":"INFO","message":"Driver closed","process.thread.name":"TestNG-tests-3","log.logger":"org.swagger.tests.TestOrderConfirmation"}
{"@timestamp":"2025-03-31T02:19:53.443Z","ecs.version":"1.2.0","log.level":"INFO","message":"org.swagger.tests.TestOrderConfirmation test Completed Successfully","process.thread.name":"TestNG-tests-3","log.logger":"org.swagger.base.BaseTest"}
{"@timestamp":"2025-03-31T02:23:46.126Z","ecs.version":"1.2.0","log.level":"INFO","message":"setUp completed for org.swagger.tests.TestLogin","process.thread.name":"TestNG-tests-1","log.logger":"org.swagger.base.BaseTest"}
{"@timestamp":"2025-03-31T02:23:46.464Z","ecs.version":"1.2.0","log.level":"INFO","message":"https://www.saucedemo.com/v1/ url is opened","process.thread.name":"TestNG-tests-1","log.logger":"org.swagger.base.BaseTest"}
{"@timestamp":"2025-03-31T02:23:46.474Z","ecs.version":"1.2.0","log.level":"INFO","message":"input credential section","process.thread.name":"TestNG-tests-1","log.logger":"org.swagger.tests.TestLogin"}
{"@timestamp":"2025-03-31T02:23:46.513Z","ecs.version":"1.2.0","log.level":"INFO","message":"im entering user name","process.thread.name":"TestNG-tests-1","log.logger":"org.swagger.pages.LoginPage"}
{"@timestamp":"2025-03-31T02:23:46.722Z","ecs.version":"1.2.0","log.level":"INFO","message":"Input username: [[ChromeDriver: chrome on windows (c24883efaa41d23e1703b27928ae228a)] -> xpath: //input[@id='user-name']] successful","process.thread.name":"TestNG-tests-1","log.logger":"org.swagger.pages.LoginPage"}
{"@timestamp":"2025-03-31T02:23:46.841Z","ecs.version":"1.2.0","log.level":"INFO","message":"Input user password: secret_sauce successful","process.thread.name":"TestNG-tests-1","log.logger":"org.swagger.pages.LoginPage"}
{"@timestamp":"2025-03-31T02:23:47.969Z","ecs.version":"1.2.0","log.level":"INFO","message":"setUp completed for org.swagger.tests.TestLogin","process.thread.name":"TestNG-tests-3","log.logger":"org.swagger.base.BaseTest"}
{"@timestamp":"2025-03-31T02:23:48.281Z","ecs.version":"1.2.0","log.level":"INFO","message":"https://www.saucedemo.com/v1/ url is opened","process.thread.name":"TestNG-tests-3","log.logger":"org.swagger.base.BaseTest"}
{"@timestamp":"2025-03-31T02:23:48.286Z","ecs.version":"1.2.0","log.level":"INFO","message":"input credential section","process.thread.name":"TestNG-tests-3","log.logger":"org.swagger.tests.TestLogin"}
{"@timestamp":"2025-03-31T02:23:48.287Z","ecs.version":"1.2.0","log.level":"INFO","message":"im entering user name","process.thread.name":"TestNG-tests-3","log.logger":"org.swagger.pages.LoginPage"}
{"@timestamp":"2025-03-31T02:23:48.359Z","ecs.version":"1.2.0","log.level":"INFO","message":"Click Enter key to submit login form successful","process.thread.name":"TestNG-tests-1","log.logger":"org.swagger.pages.LoginPage"}
{"@timestamp":"2025-03-31T02:23:48.360Z","ecs.version":"1.2.0","log.level":"INFO","message":"Successfully entered credentials","process.thread.name":"TestNG-tests-1","log.logger":"org.swagger.tests.TestLogin"}
{"@timestamp":"2025-03-31T02:23:48.461Z","ecs.version":"1.2.0","log.level":"INFO","message":"Successfully logged in and navigated to the inventory page","process.thread.name":"TestNG-tests-1","log.logger":"org.swagger.tests.TestLogin"}
{"@timestamp":"2025-03-31T02:23:48.561Z","ecs.version":"1.2.0","log.level":"INFO","message":"Input username: [[EdgeDriver: MicrosoftEdge on windows (b36540bb395c22d7fa8e8a328a12619a)] -> xpath: //input[@id='user-name']] successful","process.thread.name":"TestNG-tests-3","log.logger":"org.swagger.pages.LoginPage"}
{"@timestamp":"2025-03-31T02:23:48.711Z","ecs.version":"1.2.0","log.level":"INFO","message":"Input user password: secret_sauce successful","process.thread.name":"TestNG-tests-3","log.logger":"org.swagger.pages.LoginPage"}
{"@timestamp":"2025-03-31T02:23:48.863Z","ecs.version":"1.2.0","log.level":"INFO","message":"org.swagger.tests.TestLogin test Completed Successfully","process.thread.name":"TestNG-tests-1","log.logger":"org.swagger.base.BaseTest"}
{"@timestamp":"2025-03-31T02:23:48.875Z","ecs.version":"1.2.0","log.level":"INFO","message":"setUp completed for org.swagger.tests.TestCheckOut","process.thread.name":"TestNG-tests-1","log.logger":"org.swagger.base.BaseTest"}
{"@timestamp":"2025-03-31T02:23:49.277Z","ecs.version":"1.2.0","log.level":"INFO","message":"Click Enter key to submit login form successful","process.thread.name":"TestNG-tests-3","log.logger":"org.swagger.pages.LoginPage"}
{"@timestamp":"2025-03-31T02:23:49.279Z","ecs.version":"1.2.0","log.level":"INFO","message":"Successfully entered credentials","process.thread.name":"TestNG-tests-3","log.logger":"org.swagger.tests.TestLogin"}
{"@timestamp":"2025-03-31T02:23:49.387Z","ecs.version":"1.2.0","log.level":"INFO","message":"Successfully logged in and navigated to the inventory page","process.thread.name":"TestNG-tests-3","log.logger":"org.swagger.tests.TestLogin"}
{"@timestamp":"2025-03-31T02:23:49.557Z","ecs.version":"1.2.0","log.level":"INFO","message":"Sorted by price completed","process.thread.name":"TestNG-tests-1","log.logger":"org.swagger.tests.TestCheckOut"}
{"@timestamp":"2025-03-31T02:23:49.739Z","ecs.version":"1.2.0","log.level":"INFO","message":"Product added to cart completed","process.thread.name":"TestNG-tests-1","log.logger":"org.swagger.tests.TestCheckOut"}
{"@timestamp":"2025-03-31T02:23:49.785Z","ecs.version":"1.2.0","log.level":"INFO","message":"org.swagger.tests.TestLogin test Completed Successfully","process.thread.name":"TestNG-tests-3","log.logger":"org.swagger.base.BaseTest"}
{"@timestamp":"2025-03-31T02:23:49.811Z","ecs.version":"1.2.0","log.level":"INFO","message":"setUp completed for org.swagger.tests.TestCheckOut","process.thread.name":"TestNG-tests-3","log.logger":"org.swagger.base.BaseTest"}
{"@timestamp":"2025-03-31T02:23:49.829Z","ecs.version":"1.2.0","log.level":"INFO","message":"Product added to cart verify completed","process.thread.name":"TestNG-tests-1","log.logger":"org.swagger.tests.TestCheckOut"}
{"@timestamp":"2025-03-31T02:23:50.259Z","ecs.version":"1.2.0","log.level":"INFO","message":"setUp completed for org.swagger.tests.TestLogin","process.thread.name":"TestNG-tests-2","log.logger":"org.swagger.base.BaseTest"}
{"@timestamp":"2025-03-31T02:23:50.417Z","ecs.version":"1.2.0","log.level":"INFO","message":"Checkout item completed","process.thread.name":"TestNG-tests-1","log.logger":"org.swagger.tests.TestCheckOut"}
{"@timestamp":"2025-03-31T02:23:50.493Z","ecs.version":"1.2.0","log.level":"INFO","message":"Checkout page displayed","process.thread.name":"TestNG-tests-1","log.logger":"org.swagger.tests.TestCheckOut"}
{"@timestamp":"2025-03-31T02:23:50.596Z","ecs.version":"1.2.0","log.level":"INFO","message":"https://www.saucedemo.com/v1/ url is opened","process.thread.name":"TestNG-tests-2","log.logger":"org.swagger.base.BaseTest"}
{"@timestamp":"2025-03-31T02:23:50.601Z","ecs.version":"1.2.0","log.level":"INFO","message":"input credential section","process.thread.name":"TestNG-tests-2","log.logger":"org.swagger.tests.TestLogin"}
{"@timestamp":"2025-03-31T02:23:50.602Z","ecs.version":"1.2.0","log.level":"INFO","message":"im entering user name","process.thread.name":"TestNG-tests-2","log.logger":"org.swagger.pages.LoginPage"}
{"@timestamp":"2025-03-31T02:23:50.659Z","ecs.version":"1.2.0","log.level":"INFO","message":"org.swagger.tests.TestCheckOut test Completed Successfully","process.thread.name":"TestNG-tests-3","log.logger":"org.swagger.base.BaseTest"}
{"@timestamp":"2025-03-31T02:23:50.671Z","ecs.version":"1.2.0","log.level":"INFO","message":"setUp completed for org.swagger.tests.TestCheckOutForm","process.thread.name":"TestNG-tests-3","log.logger":"org.swagger.base.BaseTest"}
{"@timestamp":"2025-03-31T02:23:50.788Z","ecs.version":"1.2.0","log.level":"INFO","message":"Input username: [[FirefoxDriver: firefox on windows (6fcd8214-9912-40ce-b8e1-19cb6f40e3d9)] -> xpath: //input[@id='user-name']] successful","process.thread.name":"TestNG-tests-2","log.logger":"org.swagger.pages.LoginPage"}
{"@timestamp":"2025-03-31T02:23:50.855Z","ecs.version":"1.2.0","log.level":"INFO","message":"Input user password: secret_sauce successful","process.thread.name":"TestNG-tests-2","log.logger":"org.swagger.pages.LoginPage"}
{"@timestamp":"2025-03-31T02:23:50.925Z","ecs.version":"1.2.0","log.level":"INFO","message":"org.swagger.tests.TestCheckOutForm test Completed Successfully","process.thread.name":"TestNG-tests-3","log.logger":"org.swagger.base.BaseTest"}
{"@timestamp":"2025-03-31T02:23:50.943Z","ecs.version":"1.2.0","log.level":"INFO","message":"setUp completed for org.swagger.tests.TestOrderConfirmation","process.thread.name":"TestNG-tests-3","log.logger":"org.swagger.base.BaseTest"}
{"@timestamp":"2025-03-31T02:23:50.943Z","ecs.version":"1.2.0","log.level":"INFO","message":"Click Enter key to submit login form successful","process.thread.name":"TestNG-tests-2","log.logger":"org.swagger.pages.LoginPage"}
{"@timestamp":"2025-03-31T02:23:50.943Z","ecs.version":"1.2.0","log.level":"INFO","message":"Successfully entered credentials","process.thread.name":"TestNG-tests-2","log.logger":"org.swagger.tests.TestLogin"}
{"@timestamp":"2025-03-31T02:23:51.592Z","ecs.version":"1.2.0","log.level":"INFO","message":"Successfully logged in and navigated to the inventory page","process.thread.name":"TestNG-tests-2","log.logger":"org.swagger.tests.TestLogin"}
{"@timestamp":"2025-03-31T02:23:51.798Z","ecs.version":"1.2.0","log.level":"INFO","message":"org.swagger.tests.TestLogin test Completed Successfully","process.thread.name":"TestNG-tests-2","log.logger":"org.swagger.base.BaseTest"}
{"@timestamp":"2025-03-31T02:23:51.809Z","ecs.version":"1.2.0","log.level":"INFO","message":"setUp completed for org.swagger.tests.TestCheckOut","process.thread.name":"TestNG-tests-2","log.logger":"org.swagger.base.BaseTest"}
{"@timestamp":"2025-03-31T02:23:52.504Z","ecs.version":"1.2.0","log.level":"INFO","message":"Sorted by price completed","process.thread.name":"TestNG-tests-2","log.logger":"org.swagger.tests.TestCheckOut"}
{"@timestamp":"2025-03-31T02:23:52.754Z","ecs.version":"1.2.0","log.level":"INFO","message":"Product added to cart completed","process.thread.name":"TestNG-tests-2","log.logger":"org.swagger.tests.TestCheckOut"}
{"@timestamp":"2025-03-31T02:23:52.787Z","ecs.version":"1.2.0","log.level":"INFO","message":"Product added to cart verify completed","process.thread.name":"TestNG-tests-2","log.logger":"org.swagger.tests.TestCheckOut"}
{"@timestamp":"2025-03-31T02:23:52.973Z","ecs.version":"1.2.0","log.level":"INFO","message":"Checkout item completed","process.thread.name":"TestNG-tests-2","log.logger":"org.swagger.tests.TestCheckOut"}
{"@timestamp":"2025-03-31T02:23:53.032Z","ecs.version":"1.2.0","log.level":"INFO","message":"Checkout page displayed","process.thread.name":"TestNG-tests-2","log.logger":"org.swagger.tests.TestCheckOut"}
{"@timestamp":"2025-03-31T02:23:53.223Z","ecs.version":"1.2.0","log.level":"INFO","message":"Checkout button clicked","process.thread.name":"TestNG-tests-2","log.logger":"org.swagger.tests.TestCheckOut"}
{"@timestamp":"2025-03-31T02:23:53.226Z","ecs.version":"1.2.0","log.level":"INFO","message":"org.swagger.tests.TestCheckOut test Completed Successfully","process.thread.name":"TestNG-tests-2","log.logger":"org.swagger.base.BaseTest"}
{"@timestamp":"2025-03-31T02:23:53.237Z","ecs.version":"1.2.0","log.level":"INFO","message":"setUp completed for org.swagger.tests.TestCheckOutForm","process.thread.name":"TestNG-tests-2","log.logger":"org.swagger.base.BaseTest"}
{"@timestamp":"2025-03-31T02:23:53.277Z","ecs.version":"1.2.0","log.level":"INFO","message":"Checkout page displayed","process.thread.name":"TestNG-tests-2","log.logger":"org.swagger.tests.TestCheckOutForm"}
{"@timestamp":"2025-03-31T02:23:53.466Z","ecs.version":"1.2.0","log.level":"INFO","message":"Checkout credentials validated successfully","process.thread.name":"TestNG-tests-2","log.logger":"org.swagger.tests.TestCheckOutForm"}
{"@timestamp":"2025-03-31T02:23:53.627Z","ecs.version":"1.2.0","log.level":"INFO","message":"org.swagger.tests.TestCheckOutForm test Completed Successfully","process.thread.name":"TestNG-tests-2","log.logger":"org.swagger.base.BaseTest"}
{"@timestamp":"2025-03-31T02:23:53.636Z","ecs.version":"1.2.0","log.level":"INFO","message":"setUp completed for org.swagger.tests.TestOrderConfirmation","process.thread.name":"TestNG-tests-2","log.logger":"org.swagger.base.BaseTest"}
{"@timestamp":"2025-03-31T02:23:53.793Z","ecs.version":"1.2.0","log.level":"INFO","message":"Over view message","process.thread.name":"TestNG-tests-2","log.logger":"org.swagger.tests.TestOrderConfirmation"}
{"@timestamp":"2025-03-31T02:23:53.848Z","ecs.version":"1.2.0","log.level":"INFO","message":"Order Confirmation Message: THANK YOU FOR YOUR ORDER","process.thread.name":"TestNG-tests-2","log.logger":"org.swagger.tests.TestOrderConfirmation"}
{"@timestamp":"2025-03-31T02:23:55.143Z","ecs.version":"1.2.0","log.level":"INFO","message":"Driver closed","process.thread.name":"TestNG-tests-2","log.logger":"org.swagger.tests.TestOrderConfirmation"}
{"@timestamp":"2025-03-31T02:23:55.146Z","ecs.version":"1.2.0","log.level":"INFO","message":"org.swagger.tests.TestOrderConfirmation test Completed Successfully","process.thread.name":"TestNG-tests-2","log.logger":"org.swagger.base.BaseTest"}
{"@timestamp":"2025-03-31T02:24:20.935Z","ecs.version":"1.2.0","log.level":"INFO","message":"org.swagger.tests.TestCheckOut test Completed Successfully","process.thread.name":"TestNG-tests-1","log.logger":"org.swagger.base.BaseTest"}
{"@timestamp":"2025-03-31T02:24:20.947Z","ecs.version":"1.2.0","log.level":"INFO","message":"setUp completed for org.swagger.tests.TestCheckOutForm","process.thread.name":"TestNG-tests-1","log.logger":"org.swagger.base.BaseTest"}
{"@timestamp":"2025-03-31T02:24:21.479Z","ecs.version":"1.2.0","log.level":"INFO","message":"org.swagger.tests.TestOrderConfirmation test Completed Successfully","process.thread.name":"TestNG-tests-3","log.logger":"org.swagger.base.BaseTest"}
{"@timestamp":"2025-03-31T02:26:02.519Z","ecs.version":"1.2.0","log.level":"INFO","message":"setUp completed for org.swagger.tests.TestLogin","process.thread.name":"TestNG-tests-1","log.logger":"org.swagger.base.BaseTest"}
{"@timestamp":"2025-03-31T02:26:02.728Z","ecs.version":"1.2.0","log.level":"INFO","message":"https://www.saucedemo.com/v1/ url is opened","process.thread.name":"TestNG-tests-1","log.logger":"org.swagger.base.BaseTest"}
{"@timestamp":"2025-03-31T02:26:02.745Z","ecs.version":"1.2.0","log.level":"INFO","message":"input credential section","process.thread.name":"TestNG-tests-1","log.logger":"org.swagger.tests.TestLogin"}
{"@timestamp":"2025-03-31T02:26:02.777Z","ecs.version":"1.2.0","log.level":"INFO","message":"im entering user name","process.thread.name":"TestNG-tests-1","log.logger":"org.swagger.pages.LoginPage"}
{"@timestamp":"2025-03-31T02:26:02.950Z","ecs.version":"1.2.0","log.level":"INFO","message":"Input username: [[ChromeDriver: chrome on windows (02f187adf9cbc36268e9e9ab8489cd1b)] -> xpath: //input[@id='user-name']] successful","process.thread.name":"TestNG-tests-1","log.logger":"org.swagger.pages.LoginPage"}
{"@timestamp":"2025-03-31T02:26:03.059Z","ecs.version":"1.2.0","log.level":"INFO","message":"Input user password: secret_sauce successful","process.thread.name":"TestNG-tests-1","log.logger":"org.swagger.pages.LoginPage"}
{"@timestamp":"2025-03-31T02:26:03.625Z","ecs.version":"1.2.0","log.level":"INFO","message":"Click Enter key to submit login form successful","process.thread.name":"TestNG-tests-1","log.logger":"org.swagger.pages.LoginPage"}
{"@timestamp":"2025-03-31T02:26:03.626Z","ecs.version":"1.2.0","log.level":"INFO","message":"Successfully entered credentials","process.thread.name":"TestNG-tests-1","log.logger":"org.swagger.tests.TestLogin"}
{"@timestamp":"2025-03-31T02:26:03.749Z","ecs.version":"1.2.0","log.level":"INFO","message":"Successfully logged in and navigated to the inventory page","process.thread.name":"TestNG-tests-1","log.logger":"org.swagger.tests.TestLogin"}
{"@timestamp":"2025-03-31T02:26:04.224Z","ecs.version":"1.2.0","log.level":"INFO","message":"setUp completed for org.swagger.tests.TestLogin","process.thread.name":"TestNG-tests-3","log.logger":"org.swagger.base.BaseTest"}
{"@timestamp":"2025-03-31T02:26:04.286Z","ecs.version":"1.2.0","log.level":"INFO","message":"org.swagger.tests.TestLogin test Completed Successfully","process.thread.name":"TestNG-tests-1","log.logger":"org.swagger.base.BaseTest"}
{"@timestamp":"2025-03-31T02:26:04.297Z","ecs.version":"1.2.0","log.level":"INFO","message":"setUp completed for org.swagger.tests.TestCheckOut","process.thread.name":"TestNG-tests-1","log.logger":"org.swagger.base.BaseTest"}
{"@timestamp":"2025-03-31T02:26:04.488Z","ecs.version":"1.2.0","log.level":"INFO","message":"https://www.saucedemo.com/v1/ url is opened","process.thread.name":"TestNG-tests-3","log.logger":"org.swagger.base.BaseTest"}
{"@timestamp":"2025-03-31T02:26:04.494Z","ecs.version":"1.2.0","log.level":"INFO","message":"input credential section","process.thread.name":"TestNG-tests-3","log.logger":"org.swagger.tests.TestLogin"}
{"@timestamp":"2025-03-31T02:26:04.495Z","ecs.version":"1.2.0","log.level":"INFO","message":"im entering user name","process.thread.name":"TestNG-tests-3","log.logger":"org.swagger.pages.LoginPage"}
{"@timestamp":"2025-03-31T02:26:04.671Z","ecs.version":"1.2.0","log.level":"INFO","message":"Input username: [[EdgeDriver: MicrosoftEdge on windows (cef9ae76264f514b594c2f72a92c2c92)] -> xpath: //input[@id='user-name']] successful","process.thread.name":"TestNG-tests-3","log.logger":"org.swagger.pages.LoginPage"}
{"@timestamp":"2025-03-31T02:26:04.801Z","ecs.version":"1.2.0","log.level":"INFO","message":"Sorted by price completed","process.thread.name":"TestNG-tests-1","log.logger":"org.swagger.tests.TestCheckOut"}
{"@timestamp":"2025-03-31T02:26:04.806Z","ecs.version":"1.2.0","log.level":"INFO","message":"Input user password: secret_sauce successful","process.thread.name":"TestNG-tests-3","log.logger":"org.swagger.pages.LoginPage"}
{"@timestamp":"2025-03-31T02:26:04.972Z","ecs.version":"1.2.0","log.level":"INFO","message":"Product added to cart completed","process.thread.name":"TestNG-tests-1","log.logger":"org.swagger.tests.TestCheckOut"}
{"@timestamp":"2025-03-31T02:26:05.022Z","ecs.version":"1.2.0","log.level":"INFO","message":"Product added to cart verify completed","process.thread.name":"TestNG-tests-1","log.logger":"org.swagger.tests.TestCheckOut"}
{"@timestamp":"2025-03-31T02:26:05.257Z","ecs.version":"1.2.0","log.level":"INFO","message":"Checkout item completed","process.thread.name":"TestNG-tests-1","log.logger":"org.swagger.tests.TestCheckOut"}
{"@timestamp":"2025-03-31T02:26:05.350Z","ecs.version":"1.2.0","log.level":"INFO","message":"Click Enter key to submit login form successful","process.thread.name":"TestNG-tests-3","log.logger":"org.swagger.pages.LoginPage"}
{"@timestamp":"2025-03-31T02:26:05.350Z","ecs.version":"1.2.0","log.level":"INFO","message":"Successfully entered credentials","process.thread.name":"TestNG-tests-3","log.logger":"org.swagger.tests.TestLogin"}
{"@timestamp":"2025-03-31T02:26:05.357Z","ecs.version":"1.2.0","log.level":"INFO","message":"Checkout page displayed","process.thread.name":"TestNG-tests-1","log.logger":"org.swagger.tests.TestCheckOut"}
{"@timestamp":"2025-03-31T02:26:05.450Z","ecs.version":"1.2.0","log.level":"INFO","message":"Successfully logged in and navigated to the inventory page","process.thread.name":"TestNG-tests-3","log.logger":"org.swagger.tests.TestLogin"}
{"@timestamp":"2025-03-31T02:26:05.637Z","ecs.version":"1.2.0","log.level":"INFO","message":"Checkout button clicked","process.thread.name":"TestNG-tests-1","log.logger":"org.swagger.tests.TestCheckOut"}
{"@timestamp":"2025-03-31T02:26:05.640Z","ecs.version":"1.2.0","log.level":"INFO","message":"org.swagger.tests.TestCheckOut test Completed Successfully","process.thread.name":"TestNG-tests-1","log.logger":"org.swagger.base.BaseTest"}
{"@timestamp":"2025-03-31T02:26:05.662Z","ecs.version":"1.2.0","log.level":"INFO","message":"setUp completed for org.swagger.tests.TestCheckOutForm","process.thread.name":"TestNG-tests-1","log.logger":"org.swagger.base.BaseTest"}
{"@timestamp":"2025-03-31T02:26:05.739Z","ecs.version":"1.2.0","log.level":"INFO","message":"Checkout page displayed","process.thread.name":"TestNG-tests-1","log.logger":"org.swagger.tests.TestCheckOutForm"}
{"@timestamp":"2025-03-31T02:26:05.826Z","ecs.version":"1.2.0","log.level":"INFO","message":"org.swagger.tests.TestLogin test Completed Successfully","process.thread.name":"TestNG-tests-3","log.logger":"org.swagger.base.BaseTest"}
{"@timestamp":"2025-03-31T02:26:05.852Z","ecs.version":"1.2.0","log.level":"INFO","message":"setUp completed for org.swagger.tests.TestCheckOut","process.thread.name":"TestNG-tests-3","log.logger":"org.swagger.base.BaseTest"}
{"@timestamp":"2025-03-31T02:26:06.355Z","ecs.version":"1.2.0","log.level":"INFO","message":"Checkout credentials validated successfully","process.thread.name":"TestNG-tests-1","log.logger":"org.swagger.tests.TestCheckOutForm"}
{"@timestamp":"2025-03-31T02:26:06.397Z","ecs.version":"1.2.0","log.level":"INFO","message":"setUp completed for org.swagger.tests.TestLogin","process.thread.name":"TestNG-tests-2","log.logger":"org.swagger.base.BaseTest"}
{"@timestamp":"2025-03-31T02:26:06.668Z","ecs.version":"1.2.0","log.level":"INFO","message":"Sorted by price completed","process.thread.name":"TestNG-tests-3","log.logger":"org.swagger.tests.TestCheckOut"}
{"@timestamp":"2025-03-31T02:26:06.832Z","ecs.version":"1.2.0","log.level":"INFO","message":"https://www.saucedemo.com/v1/ url is opened","process.thread.name":"TestNG-tests-2","log.logger":"org.swagger.base.BaseTest"}
{"@timestamp":"2025-03-31T02:26:06.835Z","ecs.version":"1.2.0","log.level":"INFO","message":"input credential section","process.thread.name":"TestNG-tests-2","log.logger":"org.swagger.tests.TestLogin"}
{"@timestamp":"2025-03-31T02:26:06.837Z","ecs.version":"1.2.0","log.level":"INFO","message":"im entering user name","process.thread.name":"TestNG-tests-2","log.logger":"org.swagger.pages.LoginPage"}
{"@timestamp":"2025-03-31T02:26:06.903Z","ecs.version":"1.2.0","log.level":"INFO","message":"Product added to cart completed","process.thread.name":"TestNG-tests-3","log.logger":"org.swagger.tests.TestCheckOut"}
{"@timestamp":"2025-03-31T02:26:06.969Z","ecs.version":"1.2.0","log.level":"INFO","message":"Product added to cart verify completed","process.thread.name":"TestNG-tests-3","log.logger":"org.swagger.tests.TestCheckOut"}
{"@timestamp":"2025-03-31T02:26:07.063Z","ecs.version":"1.2.0","log.level":"INFO","message":"Input username: [[FirefoxDriver: firefox on windows (0b7b8549-2503-4d28-9a79-024379f1dd11)] -> xpath: //input[@id='user-name']] successful","process.thread.name":"TestNG-tests-2","log.logger":"org.swagger.pages.LoginPage"}
{"@timestamp":"2025-03-31T02:26:07.170Z","ecs.version":"1.2.0","log.level":"INFO","message":"Input user password: secret_sauce successful","process.thread.name":"TestNG-tests-2","log.logger":"org.swagger.pages.LoginPage"}
{"@timestamp":"2025-03-31T02:26:07.225Z","ecs.version":"1.2.0","log.level":"INFO","message":"Checkout item completed","process.thread.name":"TestNG-tests-3","log.logger":"org.swagger.tests.TestCheckOut"}
{"@timestamp":"2025-03-31T02:26:07.280Z","ecs.version":"1.2.0","log.level":"INFO","message":"Click Enter key to submit login form successful","process.thread.name":"TestNG-tests-2","log.logger":"org.swagger.pages.LoginPage"}
{"@timestamp":"2025-03-31T02:26:07.280Z","ecs.version":"1.2.0","log.level":"INFO","message":"Successfully entered credentials","process.thread.name":"TestNG-tests-2","log.logger":"org.swagger.tests.TestLogin"}
{"@timestamp":"2025-03-31T02:26:07.314Z","ecs.version":"1.2.0","log.level":"INFO","message":"Checkout page displayed","process.thread.name":"TestNG-tests-3","log.logger":"org.swagger.tests.TestCheckOut"}
{"@timestamp":"2025-03-31T02:26:07.641Z","ecs.version":"1.2.0","log.level":"INFO","message":"Checkout button clicked","process.thread.name":"TestNG-tests-3","log.logger":"org.swagger.tests.TestCheckOut"}
{"@timestamp":"2025-03-31T02:26:07.646Z","ecs.version":"1.2.0","log.level":"INFO","message":"org.swagger.tests.TestCheckOut test Completed Successfully","process.thread.name":"TestNG-tests-3","log.logger":"org.swagger.base.BaseTest"}
{"@timestamp":"2025-03-31T02:26:07.662Z","ecs.version":"1.2.0","log.level":"INFO","message":"setUp completed for org.swagger.tests.TestCheckOutForm","process.thread.name":"TestNG-tests-3","log.logger":"org.swagger.base.BaseTest"}
{"@timestamp":"2025-03-31T02:26:07.735Z","ecs.version":"1.2.0","log.level":"INFO","message":"Checkout page displayed","process.thread.name":"TestNG-tests-3","log.logger":"org.swagger.tests.TestCheckOutForm"}
{"@timestamp":"2025-03-31T02:26:07.856Z","ecs.version":"1.2.0","log.level":"INFO","message":"Successfully logged in and navigated to the inventory page","process.thread.name":"TestNG-tests-2","log.logger":"org.swagger.tests.TestLogin"}
{"@timestamp":"2025-03-31T02:26:08.066Z","ecs.version":"1.2.0","log.level":"INFO","message":"org.swagger.tests.TestLogin test Completed Successfully","process.thread.name":"TestNG-tests-2","log.logger":"org.swagger.base.BaseTest"}
{"@timestamp":"2025-03-31T02:26:08.074Z","ecs.version":"1.2.0","log.level":"INFO","message":"setUp completed for org.swagger.tests.TestCheckOut","process.thread.name":"TestNG-tests-2","log.logger":"org.swagger.base.BaseTest"}
{"@timestamp":"2025-03-31T02:26:08.279Z","ecs.version":"1.2.0","log.level":"INFO","message":"Checkout credentials validated successfully","process.thread.name":"TestNG-tests-3","log.logger":"org.swagger.tests.TestCheckOutForm"}
{"@timestamp":"2025-03-31T02:26:08.776Z","ecs.version":"1.2.0","log.level":"INFO","message":"Sorted by price completed","process.thread.name":"TestNG-tests-2","log.logger":"org.swagger.tests.TestCheckOut"}
{"@timestamp":"2025-03-31T02:26:09.037Z","ecs.version":"1.2.0","log.level":"INFO","message":"Product added to cart completed","process.thread.name":"TestNG-tests-2","log.logger":"org.swagger.tests.TestCheckOut"}
{"@timestamp":"2025-03-31T02:26:09.070Z","ecs.version":"1.2.0","log.level":"INFO","message":"Product added to cart verify completed","process.thread.name":"TestNG-tests-2","log.logger":"org.swagger.tests.TestCheckOut"}
{"@timestamp":"2025-03-31T02:26:09.261Z","ecs.version":"1.2.0","log.level":"INFO","message":"Checkout item completed","process.thread.name":"TestNG-tests-2","log.logger":"org.swagger.tests.TestCheckOut"}
{"@timestamp":"2025-03-31T02:26:09.325Z","ecs.version":"1.2.0","log.level":"INFO","message":"Checkout page displayed","process.thread.name":"TestNG-tests-2","log.logger":"org.swagger.tests.TestCheckOut"}
{"@timestamp":"2025-03-31T02:26:09.515Z","ecs.version":"1.2.0","log.level":"INFO","message":"Checkout button clicked","process.thread.name":"TestNG-tests-2","log.logger":"org.swagger.tests.TestCheckOut"}
{"@timestamp":"2025-03-31T02:26:09.520Z","ecs.version":"1.2.0","log.level":"INFO","message":"org.swagger.tests.TestCheckOut test Completed Successfully","process.thread.name":"TestNG-tests-2","log.logger":"org.swagger.base.BaseTest"}
{"@timestamp":"2025-03-31T02:26:09.532Z","ecs.version":"1.2.0","log.level":"INFO","message":"setUp completed for org.swagger.tests.TestCheckOutForm","process.thread.name":"TestNG-tests-2","log.logger":"org.swagger.base.BaseTest"}
{"@timestamp":"2025-03-31T02:26:09.583Z","ecs.version":"1.2.0","log.level":"INFO","message":"Checkout page displayed","process.thread.name":"TestNG-tests-2","log.logger":"org.swagger.tests.TestCheckOutForm"}
{"@timestamp":"2025-03-31T02:26:09.812Z","ecs.version":"1.2.0","log.level":"INFO","message":"Checkout credentials validated successfully","process.thread.name":"TestNG-tests-2","log.logger":"org.swagger.tests.TestCheckOutForm"}
{"@timestamp":"2025-03-31T02:26:10.056Z","ecs.version":"1.2.0","log.level":"INFO","message":"org.swagger.tests.TestCheckOutForm test Completed Successfully","process.thread.name":"TestNG-tests-2","log.logger":"org.swagger.base.BaseTest"}
{"@timestamp":"2025-03-31T02:26:10.071Z","ecs.version":"1.2.0","log.level":"INFO","message":"setUp completed for org.swagger.tests.TestOrderConfirmation","process.thread.name":"TestNG-tests-2","log.logger":"org.swagger.base.BaseTest"}
{"@timestamp":"2025-03-31T02:26:10.261Z","ecs.version":"1.2.0","log.level":"INFO","message":"Over view message","process.thread.name":"TestNG-tests-2","log.logger":"org.swagger.tests.TestOrderConfirmation"}
{"@timestamp":"2025-03-31T02:26:10.322Z","ecs.version":"1.2.0","log.level":"INFO","message":"Order Confirmation Message: THANK YOU FOR YOUR ORDER","process.thread.name":"TestNG-tests-2","log.logger":"org.swagger.tests.TestOrderConfirmation"}
{"@timestamp":"2025-03-31T02:26:11.757Z","ecs.version":"1.2.0","log.level":"INFO","message":"Driver closed","process.thread.name":"TestNG-tests-2","log.logger":"org.swagger.tests.TestOrderConfirmation"}
{"@timestamp":"2025-03-31T02:26:11.758Z","ecs.version":"1.2.0","log.level":"INFO","message":"org.swagger.tests.TestOrderConfirmation test Completed Successfully","process.thread.name":"TestNG-tests-2","log.logger":"org.swagger.base.BaseTest"}
{"@timestamp":"2025-03-31T02:26:36.863Z","ecs.version":"1.2.0","log.level":"INFO","message":"org.swagger.tests.TestCheckOutForm test Completed Successfully","process.thread.name":"TestNG-tests-1","log.logger":"org.swagger.base.BaseTest"}
{"@timestamp":"2025-03-31T02:26:36.875Z","ecs.version":"1.2.0","log.level":"INFO","message":"setUp completed for org.swagger.tests.TestOrderConfirmation","process.thread.name":"TestNG-tests-1","log.logger":"org.swagger.base.BaseTest"}
{"@timestamp":"2025-03-31T02:26:37.228Z","ecs.version":"1.2.0","log.level":"INFO","message":"Over view message","process.thread.name":"TestNG-tests-1","log.logger":"org.swagger.tests.TestOrderConfirmation"}
{"@timestamp":"2025-03-31T02:26:37.322Z","ecs.version":"1.2.0","log.level":"INFO","message":"Order Confirmation Message: THANK YOU FOR YOUR ORDER","process.thread.name":"TestNG-tests-1","log.logger":"org.swagger.tests.TestOrderConfirmation"}
{"@timestamp":"2025-03-31T02:26:37.666Z","ecs.version":"1.2.0","log.level":"INFO","message":"Driver closed","process.thread.name":"TestNG-tests-1","log.logger":"org.swagger.tests.TestOrderConfirmation"}
{"@timestamp":"2025-03-31T02:26:37.668Z","ecs.version":"1.2.0","log.level":"INFO","message":"org.swagger.tests.TestOrderConfirmation test Completed Successfully","process.thread.name":"TestNG-tests-1","log.logger":"org.swagger.base.BaseTest"}
{"@timestamp":"2025-03-31T02:26:38.641Z","ecs.version":"1.2.0","log.level":"INFO","message":"org.swagger.tests.TestCheckOutForm test Completed Successfully","process.thread.name":"TestNG-tests-3","log.logger":"org.swagger.base.BaseTest"}
{"@timestamp":"2025-03-31T02:26:38.653Z","ecs.version":"1.2.0","log.level":"INFO","message":"setUp completed for org.swagger.tests.TestOrderConfirmation","process.thread.name":"TestNG-tests-3","log.logger":"org.swagger.base.BaseTest"}
{"@timestamp":"2025-03-31T02:26:39.072Z","ecs.version":"1.2.0","log.level":"INFO","message":"Over view message","process.thread.name":"TestNG-tests-3","log.logger":"org.swagger.tests.TestOrderConfirmation"}
{"@timestamp":"2025-03-31T02:26:39.152Z","ecs.version":"1.2.0","log.level":"INFO","message":"Order Confirmation Message: THANK YOU FOR YOUR ORDER","process.thread.name":"TestNG-tests-3","log.logger":"org.swagger.tests.TestOrderConfirmation"}
{"@timestamp":"2025-03-31T02:26:40.627Z","ecs.version":"1.2.0","log.level":"INFO","message":"Driver closed","process.thread.name":"TestNG-tests-3","log.logger":"org.swagger.tests.TestOrderConfirmation"}
{"@timestamp":"2025-03-31T02:26:40.630Z","ecs.version":"1.2.0","log.level":"INFO","message":"org.swagger.tests.TestOrderConfirmation test Completed Successfully","process.thread.name":"TestNG-tests-3","log.logger":"org.swagger.base.BaseTest"}
